2022-08-17T06:42:25.553+0000 7f07d024b700  0 set uid:gid to 167:167 (ceph:ceph)
2022-08-17T06:42:25.553+0000 7f07d024b700  1 initial generated monmap:
epoch 0
fsid f3c7075e-57af-4e3b-8eca-26d5e9385d48
last_changed 2022-08-17T06:42:25.554236+0000
created 2022-08-17T06:42:25.554236+0000
min_mon_release 0 (unknown)
0: v2:172.42.0.100:3300/0 mon.noname-a

2022-08-17T06:42:25.553+0000 7f07d024b700  0 ceph-mon: renaming mon.noname-a [v2:172.42.0.100:3300/0,v1:172.42.0.100:6789/0] to mon.ceph-demo
2022-08-17T06:42:25.553+0000 7f07d024b700  0 ceph-mon: set fsid to f3c7075e-57af-4e3b-8eca-26d5e9385d48
2022-08-17T06:42:25.563+0000 7f07d024b700  0  set rocksdb option compression = kNoCompression
2022-08-17T06:42:25.563+0000 7f07d024b700  0  set rocksdb option level_compaction_dynamic_level_bytes = true
2022-08-17T06:42:25.563+0000 7f07d024b700  0  set rocksdb option write_buffer_size = 33554432
2022-08-17T06:42:25.568+0000 7f07d024b700  0  set rocksdb option compression = kNoCompression
2022-08-17T06:42:25.568+0000 7f07d024b700  0  set rocksdb option level_compaction_dynamic_level_bytes = true
2022-08-17T06:42:25.568+0000 7f07d024b700  0  set rocksdb option write_buffer_size = 33554432
2022-08-17T06:42:25.572+0000 7f07d024b700  4 rocksdb: RocksDB version: 6.1.2

2022-08-17T06:42:25.572+0000 7f07d024b700  4 rocksdb: Git sha rocksdb_build_git_sha:@0@
2022-08-17T06:42:25.572+0000 7f07d024b700  4 rocksdb: Compile date Feb 23 2021
2022-08-17T06:42:25.572+0000 7f07d024b700  4 rocksdb: DB SUMMARY

2022-08-17T06:42:25.573+0000 7f07d024b700  4 rocksdb: SST files in /var/lib/ceph/mon/ceph-ceph-demo/store.db dir, Total Num: 0, files: 

2022-08-17T06:42:25.573+0000 7f07d024b700  4 rocksdb: Write Ahead Log file in /var/lib/ceph/mon/ceph-ceph-demo/store.db: 

2022-08-17T06:42:25.573+0000 7f07d024b700  4 rocksdb:                         Options.error_if_exists: 0
2022-08-17T06:42:25.573+0000 7f07d024b700  4 rocksdb:                       Options.create_if_missing: 1
2022-08-17T06:42:25.573+0000 7f07d024b700  4 rocksdb:                         Options.paranoid_checks: 1
2022-08-17T06:42:25.573+0000 7f07d024b700  4 rocksdb:                                     Options.env: 0x5604ee8821a0
2022-08-17T06:42:25.573+0000 7f07d024b700  4 rocksdb:                                Options.info_log: 0x5604ef7ff980
2022-08-17T06:42:25.573+0000 7f07d024b700  4 rocksdb:                Options.max_file_opening_threads: 16
2022-08-17T06:42:25.573+0000 7f07d024b700  4 rocksdb:                              Options.statistics: (nil)
2022-08-17T06:42:25.573+0000 7f07d024b700  4 rocksdb:                               Options.use_fsync: 0
2022-08-17T06:42:25.573+0000 7f07d024b700  4 rocksdb:                       Options.max_log_file_size: 0
2022-08-17T06:42:25.573+0000 7f07d024b700  4 rocksdb:                  Options.max_manifest_file_size: 1073741824
2022-08-17T06:42:25.573+0000 7f07d024b700  4 rocksdb:                   Options.log_file_time_to_roll: 0
2022-08-17T06:42:25.573+0000 7f07d024b700  4 rocksdb:                       Options.keep_log_file_num: 1000
2022-08-17T06:42:25.573+0000 7f07d024b700  4 rocksdb:                    Options.recycle_log_file_num: 0
2022-08-17T06:42:25.573+0000 7f07d024b700  4 rocksdb:                         Options.allow_fallocate: 1
2022-08-17T06:42:25.573+0000 7f07d024b700  4 rocksdb:                        Options.allow_mmap_reads: 0
2022-08-17T06:42:25.573+0000 7f07d024b700  4 rocksdb:                       Options.allow_mmap_writes: 0
2022-08-17T06:42:25.573+0000 7f07d024b700  4 rocksdb:                        Options.use_direct_reads: 0
2022-08-17T06:42:25.573+0000 7f07d024b700  4 rocksdb:                        Options.use_direct_io_for_flush_and_compaction: 0
2022-08-17T06:42:25.573+0000 7f07d024b700  4 rocksdb:          Options.create_missing_column_families: 0
2022-08-17T06:42:25.573+0000 7f07d024b700  4 rocksdb:                              Options.db_log_dir: 
2022-08-17T06:42:25.573+0000 7f07d024b700  4 rocksdb:                                 Options.wal_dir: /var/lib/ceph/mon/ceph-ceph-demo/store.db
2022-08-17T06:42:25.573+0000 7f07d024b700  4 rocksdb:                Options.table_cache_numshardbits: 6
2022-08-17T06:42:25.573+0000 7f07d024b700  4 rocksdb:                      Options.max_subcompactions: 1
2022-08-17T06:42:25.573+0000 7f07d024b700  4 rocksdb:                  Options.max_background_flushes: -1
2022-08-17T06:42:25.573+0000 7f07d024b700  4 rocksdb:                         Options.WAL_ttl_seconds: 0
2022-08-17T06:42:25.573+0000 7f07d024b700  4 rocksdb:                       Options.WAL_size_limit_MB: 0
2022-08-17T06:42:25.573+0000 7f07d024b700  4 rocksdb:             Options.manifest_preallocation_size: 4194304
2022-08-17T06:42:25.573+0000 7f07d024b700  4 rocksdb:                     Options.is_fd_close_on_exec: 1
2022-08-17T06:42:25.573+0000 7f07d024b700  4 rocksdb:                   Options.advise_random_on_open: 1
2022-08-17T06:42:25.573+0000 7f07d024b700  4 rocksdb:                    Options.db_write_buffer_size: 0
2022-08-17T06:42:25.573+0000 7f07d024b700  4 rocksdb:                    Options.write_buffer_manager: 0x5604ef7ea5a0
2022-08-17T06:42:25.573+0000 7f07d024b700  4 rocksdb:         Options.access_hint_on_compaction_start: 1
2022-08-17T06:42:25.573+0000 7f07d024b700  4 rocksdb:  Options.new_table_reader_for_compaction_inputs: 0
2022-08-17T06:42:25.573+0000 7f07d024b700  4 rocksdb:           Options.random_access_max_buffer_size: 1048576
2022-08-17T06:42:25.573+0000 7f07d024b700  4 rocksdb:                      Options.use_adaptive_mutex: 0
2022-08-17T06:42:25.573+0000 7f07d024b700  4 rocksdb:                            Options.rate_limiter: (nil)
2022-08-17T06:42:25.573+0000 7f07d024b700  4 rocksdb:     Options.sst_file_manager.rate_bytes_per_sec: 0
2022-08-17T06:42:25.573+0000 7f07d024b700  4 rocksdb:                       Options.wal_recovery_mode: 2
2022-08-17T06:42:25.573+0000 7f07d024b700  4 rocksdb:                  Options.enable_thread_tracking: 0
2022-08-17T06:42:25.573+0000 7f07d024b700  4 rocksdb:                  Options.enable_pipelined_write: 0
2022-08-17T06:42:25.573+0000 7f07d024b700  4 rocksdb:         Options.allow_concurrent_memtable_write: 1
2022-08-17T06:42:25.573+0000 7f07d024b700  4 rocksdb:      Options.enable_write_thread_adaptive_yield: 1
2022-08-17T06:42:25.573+0000 7f07d024b700  4 rocksdb:             Options.write_thread_max_yield_usec: 100
2022-08-17T06:42:25.573+0000 7f07d024b700  4 rocksdb:            Options.write_thread_slow_yield_usec: 3
2022-08-17T06:42:25.573+0000 7f07d024b700  4 rocksdb:                               Options.row_cache: None
2022-08-17T06:42:25.573+0000 7f07d024b700  4 rocksdb:                              Options.wal_filter: None
2022-08-17T06:42:25.573+0000 7f07d024b700  4 rocksdb:             Options.avoid_flush_during_recovery: 0
2022-08-17T06:42:25.573+0000 7f07d024b700  4 rocksdb:             Options.allow_ingest_behind: 0
2022-08-17T06:42:25.573+0000 7f07d024b700  4 rocksdb:             Options.preserve_deletes: 0
2022-08-17T06:42:25.573+0000 7f07d024b700  4 rocksdb:             Options.two_write_queues: 0
2022-08-17T06:42:25.573+0000 7f07d024b700  4 rocksdb:             Options.manual_wal_flush: 0
2022-08-17T06:42:25.573+0000 7f07d024b700  4 rocksdb:             Options.atomic_flush: 0
2022-08-17T06:42:25.573+0000 7f07d024b700  4 rocksdb:             Options.avoid_unnecessary_blocking_io: 0
2022-08-17T06:42:25.573+0000 7f07d024b700  4 rocksdb:             Options.max_background_jobs: 2
2022-08-17T06:42:25.573+0000 7f07d024b700  4 rocksdb:             Options.max_background_compactions: -1
2022-08-17T06:42:25.573+0000 7f07d024b700  4 rocksdb:             Options.avoid_flush_during_shutdown: 0
2022-08-17T06:42:25.573+0000 7f07d024b700  4 rocksdb:           Options.writable_file_max_buffer_size: 1048576
2022-08-17T06:42:25.573+0000 7f07d024b700  4 rocksdb:             Options.delayed_write_rate : 16777216
2022-08-17T06:42:25.573+0000 7f07d024b700  4 rocksdb:             Options.max_total_wal_size: 0
2022-08-17T06:42:25.573+0000 7f07d024b700  4 rocksdb:             Options.delete_obsolete_files_period_micros: 21600000000
2022-08-17T06:42:25.573+0000 7f07d024b700  4 rocksdb:                   Options.stats_dump_period_sec: 600
2022-08-17T06:42:25.573+0000 7f07d024b700  4 rocksdb:                 Options.stats_persist_period_sec: 600
2022-08-17T06:42:25.573+0000 7f07d024b700  4 rocksdb:                 Options.stats_history_buffer_size: 1048576
2022-08-17T06:42:25.573+0000 7f07d024b700  4 rocksdb:                          Options.max_open_files: -1
2022-08-17T06:42:25.573+0000 7f07d024b700  4 rocksdb:                          Options.bytes_per_sync: 0
2022-08-17T06:42:25.573+0000 7f07d024b700  4 rocksdb:                      Options.wal_bytes_per_sync: 0
2022-08-17T06:42:25.573+0000 7f07d024b700  4 rocksdb:       Options.compaction_readahead_size: 0
2022-08-17T06:42:25.573+0000 7f07d024b700  4 rocksdb: Compression algorithms supported:
2022-08-17T06:42:25.573+0000 7f07d024b700  4 rocksdb: 	kZSTDNotFinalCompression supported: 0
2022-08-17T06:42:25.573+0000 7f07d024b700  4 rocksdb: 	kZSTD supported: 0
2022-08-17T06:42:25.573+0000 7f07d024b700  4 rocksdb: 	kXpressCompression supported: 0
2022-08-17T06:42:25.573+0000 7f07d024b700  4 rocksdb: 	kLZ4HCCompression supported: 1
2022-08-17T06:42:25.573+0000 7f07d024b700  4 rocksdb: 	kLZ4Compression supported: 1
2022-08-17T06:42:25.573+0000 7f07d024b700  4 rocksdb: 	kBZip2Compression supported: 0
2022-08-17T06:42:25.573+0000 7f07d024b700  4 rocksdb: 	kZlibCompression supported: 1
2022-08-17T06:42:25.573+0000 7f07d024b700  4 rocksdb: 	kSnappyCompression supported: 1
2022-08-17T06:42:25.573+0000 7f07d024b700  4 rocksdb: Fast CRC32 supported: Supported on x86
2022-08-17T06:42:25.578+0000 7f07d024b700  4 rocksdb: [db/db_impl_open.cc:228] Creating manifest 1 

2022-08-17T06:42:25.606+0000 7f07d024b700  4 rocksdb: [db/version_set.cc:3543] Recovering from manifest file: /var/lib/ceph/mon/ceph-ceph-demo/store.db/MANIFEST-000001

2022-08-17T06:42:25.607+0000 7f07d024b700  4 rocksdb: [db/column_family.cc:477] --------------- Options for column family [default]:

2022-08-17T06:42:25.607+0000 7f07d024b700  4 rocksdb:               Options.comparator: leveldb.BytewiseComparator
2022-08-17T06:42:25.607+0000 7f07d024b700  4 rocksdb:           Options.merge_operator: 
2022-08-17T06:42:25.607+0000 7f07d024b700  4 rocksdb:        Options.compaction_filter: None
2022-08-17T06:42:25.607+0000 7f07d024b700  4 rocksdb:        Options.compaction_filter_factory: None
2022-08-17T06:42:25.607+0000 7f07d024b700  4 rocksdb:         Options.memtable_factory: SkipListFactory
2022-08-17T06:42:25.607+0000 7f07d024b700  4 rocksdb:            Options.table_factory: BlockBasedTable
2022-08-17T06:42:25.607+0000 7f07d024b700  4 rocksdb:            table_factory options:   flush_block_policy_factory: FlushBlockBySizePolicyFactory (0x5604ef7210d0)
  cache_index_and_filter_blocks: 1
  cache_index_and_filter_blocks_with_high_priority: 1
  pin_l0_filter_and_index_blocks_in_cache: 0
  pin_top_level_index_and_filter: 1
  index_type: 0
  data_block_index_type: 0
  data_block_hash_table_util_ratio: 0.750000
  hash_index_allow_collision: 1
  checksum: 1
  no_block_cache: 0
  block_cache: 0x5604ef758510
  block_cache_name: BinnedLRUCache
  block_cache_options:
    capacity : 536870912
    num_shard_bits : 4
    strict_capacity_limit : 0
    high_pri_pool_ratio: 0.000
  block_cache_compressed: (nil)
  persistent_cache: (nil)
  block_size: 4096
  block_size_deviation: 10
  block_restart_interval: 16
  index_block_restart_interval: 1
  metadata_block_size: 4096
  partition_filters: 0
  use_delta_encoding: 1
  filter_policy: rocksdb.BuiltinBloomFilter
  whole_key_filtering: 1
  verify_compression: 0
  read_amp_bytes_per_bit: 0
  format_version: 2
  enable_index_compression: 1
  block_align: 0

2022-08-17T06:42:25.607+0000 7f07d024b700  4 rocksdb:        Options.write_buffer_size: 33554432
2022-08-17T06:42:25.607+0000 7f07d024b700  4 rocksdb:  Options.max_write_buffer_number: 2
2022-08-17T06:42:25.607+0000 7f07d024b700  4 rocksdb:          Options.compression: NoCompression
2022-08-17T06:42:25.607+0000 7f07d024b700  4 rocksdb:                  Options.bottommost_compression: Disabled
2022-08-17T06:42:25.607+0000 7f07d024b700  4 rocksdb:       Options.prefix_extractor: nullptr
2022-08-17T06:42:25.607+0000 7f07d024b700  4 rocksdb:   Options.memtable_insert_with_hint_prefix_extractor: nullptr
2022-08-17T06:42:25.607+0000 7f07d024b700  4 rocksdb:             Options.num_levels: 7
2022-08-17T06:42:25.607+0000 7f07d024b700  4 rocksdb:        Options.min_write_buffer_number_to_merge: 1
2022-08-17T06:42:25.607+0000 7f07d024b700  4 rocksdb:     Options.max_write_buffer_number_to_maintain: 0
2022-08-17T06:42:25.607+0000 7f07d024b700  4 rocksdb:            Options.bottommost_compression_opts.window_bits: -14
2022-08-17T06:42:25.607+0000 7f07d024b700  4 rocksdb:                  Options.bottommost_compression_opts.level: 32767
2022-08-17T06:42:25.607+0000 7f07d024b700  4 rocksdb:               Options.bottommost_compression_opts.strategy: 0
2022-08-17T06:42:25.607+0000 7f07d024b700  4 rocksdb:         Options.bottommost_compression_opts.max_dict_bytes: 0
2022-08-17T06:42:25.607+0000 7f07d024b700  4 rocksdb:         Options.bottommost_compression_opts.zstd_max_train_bytes: 0
2022-08-17T06:42:25.607+0000 7f07d024b700  4 rocksdb:                  Options.bottommost_compression_opts.enabled: false
2022-08-17T06:42:25.607+0000 7f07d024b700  4 rocksdb:            Options.compression_opts.window_bits: -14
2022-08-17T06:42:25.607+0000 7f07d024b700  4 rocksdb:                  Options.compression_opts.level: 32767
2022-08-17T06:42:25.607+0000 7f07d024b700  4 rocksdb:               Options.compression_opts.strategy: 0
2022-08-17T06:42:25.607+0000 7f07d024b700  4 rocksdb:         Options.compression_opts.max_dict_bytes: 0
2022-08-17T06:42:25.607+0000 7f07d024b700  4 rocksdb:         Options.compression_opts.zstd_max_train_bytes: 0
2022-08-17T06:42:25.607+0000 7f07d024b700  4 rocksdb:                  Options.compression_opts.enabled: false
2022-08-17T06:42:25.607+0000 7f07d024b700  4 rocksdb:      Options.level0_file_num_compaction_trigger: 4
2022-08-17T06:42:25.607+0000 7f07d024b700  4 rocksdb:          Options.level0_slowdown_writes_trigger: 20
2022-08-17T06:42:25.607+0000 7f07d024b700  4 rocksdb:              Options.level0_stop_writes_trigger: 36
2022-08-17T06:42:25.607+0000 7f07d024b700  4 rocksdb:                   Options.target_file_size_base: 67108864
2022-08-17T06:42:25.607+0000 7f07d024b700  4 rocksdb:             Options.target_file_size_multiplier: 1
2022-08-17T06:42:25.607+0000 7f07d024b700  4 rocksdb:                Options.max_bytes_for_level_base: 268435456
2022-08-17T06:42:25.607+0000 7f07d024b700  4 rocksdb: Options.level_compaction_dynamic_level_bytes: 1
2022-08-17T06:42:25.607+0000 7f07d024b700  4 rocksdb:          Options.max_bytes_for_level_multiplier: 10.000000
2022-08-17T06:42:25.607+0000 7f07d024b700  4 rocksdb: Options.max_bytes_for_level_multiplier_addtl[0]: 1
2022-08-17T06:42:25.607+0000 7f07d024b700  4 rocksdb: Options.max_bytes_for_level_multiplier_addtl[1]: 1
2022-08-17T06:42:25.607+0000 7f07d024b700  4 rocksdb: Options.max_bytes_for_level_multiplier_addtl[2]: 1
2022-08-17T06:42:25.607+0000 7f07d024b700  4 rocksdb: Options.max_bytes_for_level_multiplier_addtl[3]: 1
2022-08-17T06:42:25.607+0000 7f07d024b700  4 rocksdb: Options.max_bytes_for_level_multiplier_addtl[4]: 1
2022-08-17T06:42:25.607+0000 7f07d024b700  4 rocksdb: Options.max_bytes_for_level_multiplier_addtl[5]: 1
2022-08-17T06:42:25.607+0000 7f07d024b700  4 rocksdb: Options.max_bytes_for_level_multiplier_addtl[6]: 1
2022-08-17T06:42:25.607+0000 7f07d024b700  4 rocksdb:       Options.max_sequential_skip_in_iterations: 8
2022-08-17T06:42:25.607+0000 7f07d024b700  4 rocksdb:                    Options.max_compaction_bytes: 1677721600
2022-08-17T06:42:25.607+0000 7f07d024b700  4 rocksdb:                        Options.arena_block_size: 4194304
2022-08-17T06:42:25.607+0000 7f07d024b700  4 rocksdb:   Options.soft_pending_compaction_bytes_limit: 68719476736
2022-08-17T06:42:25.607+0000 7f07d024b700  4 rocksdb:   Options.hard_pending_compaction_bytes_limit: 274877906944
2022-08-17T06:42:25.607+0000 7f07d024b700  4 rocksdb:       Options.rate_limit_delay_max_milliseconds: 100
2022-08-17T06:42:25.607+0000 7f07d024b700  4 rocksdb:                Options.disable_auto_compactions: 0
2022-08-17T06:42:25.607+0000 7f07d024b700  4 rocksdb:                        Options.compaction_style: kCompactionStyleLevel
2022-08-17T06:42:25.607+0000 7f07d024b700  4 rocksdb:                          Options.compaction_pri: kMinOverlappingRatio
2022-08-17T06:42:25.607+0000 7f07d024b700  4 rocksdb: Options.compaction_options_universal.size_ratio: 1
2022-08-17T06:42:25.607+0000 7f07d024b700  4 rocksdb: Options.compaction_options_universal.min_merge_width: 2
2022-08-17T06:42:25.607+0000 7f07d024b700  4 rocksdb: Options.compaction_options_universal.max_merge_width: 4294967295
2022-08-17T06:42:25.607+0000 7f07d024b700  4 rocksdb: Options.compaction_options_universal.max_size_amplification_percent: 200
2022-08-17T06:42:25.607+0000 7f07d024b700  4 rocksdb: Options.compaction_options_universal.compression_size_percent: -1
2022-08-17T06:42:25.607+0000 7f07d024b700  4 rocksdb: Options.compaction_options_universal.stop_style: kCompactionStopStyleTotalSize
2022-08-17T06:42:25.607+0000 7f07d024b700  4 rocksdb: Options.compaction_options_fifo.max_table_files_size: 1073741824
2022-08-17T06:42:25.607+0000 7f07d024b700  4 rocksdb: Options.compaction_options_fifo.allow_compaction: 0
2022-08-17T06:42:25.607+0000 7f07d024b700  4 rocksdb:                   Options.table_properties_collectors: 
2022-08-17T06:42:25.607+0000 7f07d024b700  4 rocksdb:                   Options.inplace_update_support: 0
2022-08-17T06:42:25.607+0000 7f07d024b700  4 rocksdb:                 Options.inplace_update_num_locks: 10000
2022-08-17T06:42:25.607+0000 7f07d024b700  4 rocksdb:               Options.memtable_prefix_bloom_size_ratio: 0.000000
2022-08-17T06:42:25.607+0000 7f07d024b700  4 rocksdb:               Options.memtable_whole_key_filtering: 0
2022-08-17T06:42:25.607+0000 7f07d024b700  4 rocksdb:   Options.memtable_huge_page_size: 0
2022-08-17T06:42:25.607+0000 7f07d024b700  4 rocksdb:                           Options.bloom_locality: 0
2022-08-17T06:42:25.607+0000 7f07d024b700  4 rocksdb:                    Options.max_successive_merges: 0
2022-08-17T06:42:25.607+0000 7f07d024b700  4 rocksdb:                Options.optimize_filters_for_hits: 0
2022-08-17T06:42:25.607+0000 7f07d024b700  4 rocksdb:                Options.paranoid_file_checks: 0
2022-08-17T06:42:25.607+0000 7f07d024b700  4 rocksdb:                Options.force_consistency_checks: 0
2022-08-17T06:42:25.607+0000 7f07d024b700  4 rocksdb:                Options.report_bg_io_stats: 0
2022-08-17T06:42:25.607+0000 7f07d024b700  4 rocksdb:                               Options.ttl: 0
2022-08-17T06:42:25.609+0000 7f07d024b700  4 rocksdb: [db/version_set.cc:3757] Recovered from manifest file:/var/lib/ceph/mon/ceph-ceph-demo/store.db/MANIFEST-000001 succeeded,manifest_file_number is 1, next_file_number is 3, last_sequence is 0, log_number is 0,prev_log_number is 0,max_column_family is 0,min_log_number_to_keep is 0

2022-08-17T06:42:25.609+0000 7f07d024b700  4 rocksdb: [db/version_set.cc:3766] Column family [default] (ID 0), log number is 0

2022-08-17T06:42:25.646+0000 7f07d024b700  4 rocksdb: DB pointer 0x5604f0384400
2022-08-17T06:42:25.646+0000 7f07b912b700  4 rocksdb: [db/db_impl.cc:777] ------- DUMPING STATS -------
2022-08-17T06:42:25.646+0000 7f07b912b700  4 rocksdb: [db/db_impl.cc:778] 
** DB Stats **
Uptime(secs): 0.0 total, 0.0 interval
Cumulative writes: 0 writes, 0 keys, 0 commit groups, 0.0 writes per commit group, ingest: 0.00 GB, 0.00 MB/s
Cumulative WAL: 0 writes, 0 syncs, 0.00 writes per sync, written: 0.00 GB, 0.00 MB/s
Cumulative stall: 00:00:0.000 H:M:S, 0.0 percent
Interval writes: 0 writes, 0 keys, 0 commit groups, 0.0 writes per commit group, ingest: 0.00 MB, 0.00 MB/s
Interval WAL: 0 writes, 0 syncs, 0.00 writes per sync, written: 0.00 MB, 0.00 MB/s
Interval stall: 00:00:0.000 H:M:S, 0.0 percent

** Compaction Stats [default] **
Level    Files   Size     Score Read(GB)  Rn(GB) Rnp1(GB) Write(GB) Wnew(GB) Moved(GB) W-Amp Rd(MB/s) Wr(MB/s) Comp(sec) CompMergeCPU(sec) Comp(cnt) Avg(sec) KeyIn KeyDrop
----------------------------------------------------------------------------------------------------------------------------------------------------------------------------
 Sum      0/0    0.00 KB   0.0      0.0     0.0      0.0       0.0      0.0       0.0   0.0      0.0      0.0      0.00              0.00         0    0.000       0      0
 Int      0/0    0.00 KB   0.0      0.0     0.0      0.0       0.0      0.0       0.0   0.0      0.0      0.0      0.00              0.00         0    0.000       0      0

** Compaction Stats [default] **
Priority    Files   Size     Score Read(GB)  Rn(GB) Rnp1(GB) Write(GB) Wnew(GB) Moved(GB) W-Amp Rd(MB/s) Wr(MB/s) Comp(sec) CompMergeCPU(sec) Comp(cnt) Avg(sec) KeyIn KeyDrop
-------------------------------------------------------------------------------------------------------------------------------------------------------------------------------
Uptime(secs): 0.0 total, 0.0 interval
Flush(GB): cumulative 0.000, interval 0.000
AddFile(GB): cumulative 0.000, interval 0.000
AddFile(Total Files): cumulative 0, interval 0
AddFile(L0 Files): cumulative 0, interval 0
AddFile(Keys): cumulative 0, interval 0
Cumulative compaction: 0.00 GB write, 0.00 MB/s write, 0.00 GB read, 0.00 MB/s read, 0.0 seconds
Interval compaction: 0.00 GB write, 0.00 MB/s write, 0.00 GB read, 0.00 MB/s read, 0.0 seconds
Stalls(count): 0 level0_slowdown, 0 level0_slowdown_with_compaction, 0 level0_numfiles, 0 level0_numfiles_with_compaction, 0 stop for pending_compaction_bytes, 0 slowdown for pending_compaction_bytes, 0 memtable_compaction, 0 memtable_slowdown, interval 0 total count

** File Read Latency Histogram By Level [default] **

** Compaction Stats [default] **
Level    Files   Size     Score Read(GB)  Rn(GB) Rnp1(GB) Write(GB) Wnew(GB) Moved(GB) W-Amp Rd(MB/s) Wr(MB/s) Comp(sec) CompMergeCPU(sec) Comp(cnt) Avg(sec) KeyIn KeyDrop
----------------------------------------------------------------------------------------------------------------------------------------------------------------------------
 Sum      0/0    0.00 KB   0.0      0.0     0.0      0.0       0.0      0.0       0.0   0.0      0.0      0.0      0.00              0.00         0    0.000       0      0
 Int      0/0    0.00 KB   0.0      0.0     0.0      0.0       0.0      0.0       0.0   0.0      0.0      0.0      0.00              0.00         0    0.000       0      0

** Compaction Stats [default] **
Priority    Files   Size     Score Read(GB)  Rn(GB) Rnp1(GB) Write(GB) Wnew(GB) Moved(GB) W-Amp Rd(MB/s) Wr(MB/s) Comp(sec) CompMergeCPU(sec) Comp(cnt) Avg(sec) KeyIn KeyDrop
-------------------------------------------------------------------------------------------------------------------------------------------------------------------------------
Uptime(secs): 0.0 total, 0.0 interval
Flush(GB): cumulative 0.000, interval 0.000
AddFile(GB): cumulative 0.000, interval 0.000
AddFile(Total Files): cumulative 0, interval 0
AddFile(L0 Files): cumulative 0, interval 0
AddFile(Keys): cumulative 0, interval 0
Cumulative compaction: 0.00 GB write, 0.00 MB/s write, 0.00 GB read, 0.00 MB/s read, 0.0 seconds
Interval compaction: 0.00 GB write, 0.00 MB/s write, 0.00 GB read, 0.00 MB/s read, 0.0 seconds
Stalls(count): 0 level0_slowdown, 0 level0_slowdown_with_compaction, 0 level0_numfiles, 0 level0_numfiles_with_compaction, 0 stop for pending_compaction_bytes, 0 slowdown for pending_compaction_bytes, 0 memtable_compaction, 0 memtable_slowdown, interval 0 total count

** File Read Latency Histogram By Level [default] **

2022-08-17T06:42:25.656+0000 7f07d024b700  4 rocksdb: [db/db_impl.cc:390] Shutdown: canceling all background work
2022-08-17T06:42:25.658+0000 7f07d024b700  4 rocksdb: [db/db_impl.cc:563] Shutdown complete
2022-08-17T06:42:25.659+0000 7f07d024b700  0 ceph-mon: created monfs at /var/lib/ceph/mon/ceph-ceph-demo for mon.ceph-demo
